        -:    0:Source:main.c
        -:    0:Graph:test.gcno
        -:    0:Data:test.gcda
        -:    0:Runs:1
        -:    1:#include <stdio.h>
        -:    2:#include <stdlib.h>
        -:    3:#include "fizzbuzz.h"
        -:    4:
    #####:    5:int main(void) {
        -:    6:    int i;
        -:    7:    char result[256];
    #####:    8:    for (i = 1; i < 20; i++) {
    #####:    9:        if (fizzbuzz(i, result) == -1) {
    #####:   10:            exit(EXIT_FAILURE);
        -:   11:        }
    #####:   12:        printf("%s\n", result);
        -:   13:    }
    #####:   14:    return 0;
        -:   15:}
        -:   16:
        1:   17:int error(char *mes) {
        1:   18:    fprintf(stderr, "ERROR:%s\n", mes);
        1:   19:    return -1;
        -:   20:}
