        -:    0:Source:fizzbuzz.c
        -:    0:Graph:test.gcno
        -:    0:Data:test.gcda
        -:    0:Runs:1
        -:    1:#include "fizzbuzz.h"
        -:    2:#include <stdio.h>
        -:    3:
        -:    4:static const char *get_str_FizzBuzz(void);
        -:    5:static const char *get_str_Fizz(void);
        -:    6:static const char *get_str_Buzz(void);
        -:    7:
        -:    8:static const char *STR_FIZZBUZZ = "FizzBuzz";
        -:    9:static const char *STR_FIZZ = "Fizz";
        -:   10:static const char *STR_BUZZ = "Buzz";
        -:   11:
        5:   12:int fizzbuzz(int num, char *result) {
        5:   13:    if (20 <= num) {
        1:   14:        return error("20以上の値が指定されました");
        -:   15:    }
        -:   16:
        4:   17:    if ((num % 3 == 0) && (num % 5 == 0)) {
        1:   18:        sprintf(result, "FizzBuzz");
        3:   19:    } else if (num % 3 == 0) {
        1:   20:        sprintf(result, "Fizz");
        2:   21:    } else if (num % 5 == 0) {
        1:   22:        sprintf(result, "Buzz");
        -:   23:    } else {
        1:   24:        sprintf(result, "%d", num);
        -:   25:    }
        -:   26:
        4:   27:    return 0;
        -:   28:}
        -:   29:
        1:   30:static const char *get_str_FizzBuzz(void) {
        1:   31:    return STR_FIZZBUZZ;
        -:   32:}
        -:   33:
        1:   34:static const char *get_str_Fizz(void) {
        1:   35:    return STR_FIZZ;
        -:   36:}
        -:   37:
        1:   38:static const char *get_str_Buzz(void) {
        1:   39:    return STR_BUZZ;
        -:   40:}
